<?xml version="1.0" encoding="UTF-8"?>
<!-- Generated by org.testng.reporters.JUnitReportReporter -->
<testsuite hostname="MWDH-Work2" failures="0" tests="1" name="ass1Readingdisabledtextfield.ChromWebDriverReadingDisabledTextField" time="0.129" errors="0" timestamp="2022-08-01T22:44:07 AST" skipped="0">
  <testcase classname="ass1Readingdisabledtextfield.ChromWebDriverReadingDisabledTextField" name="LearnEnglishWebSite" time="0.129"/>
  <system-out/>
</testsuite> <!-- ass1Readingdisabledtextfield.ChromWebDriverReadingDisabledTextField -->
